<?xml version="1.0" encoding="UTF-8"?>
<!-- Generated by org.testng.reporters.JUnitXMLReporter -->
<testsuite ignored="0" hostname="DESKTOP-3T17BOV" failures="0" tests="3" name="RSCoreConcepts" time="1.959" errors="0" timestamp="2024-04-23T17:34:37 IST">
  <testcase classname="GETApis.GETAPIRequest_NON_BDD" name="getUserAPITest" time="0.863"/>
  <testcase classname="GETApis.GETAPIRequest_NON_BDD" name="getUserWithQueryParamaterAPITest" time="0.266"/>
  <testcase classname="GETApis.GETAPIRequest_NON_BDD" name="getUserWithQueryParamater_WithHashMap_APITest" time="0.244"/>
</testsuite> <!-- RSCoreConcepts -->
