<?xml version="1.0" encoding="UTF-8"?>
<testng-results ignored="0" total="3" passed="3" failed="0" skipped="0">
  <reporter-output>
  </reporter-output>
  <suite started-at="2024-04-23T17:34:35 IST" name="Default Suite" finished-at="2024-04-23T17:34:37 IST" duration-ms="1959">
    <groups>
    </groups>
    <test started-at="2024-04-23T17:34:35 IST" name="RSCoreConcepts" finished-at="2024-04-23T17:34:37 IST" duration-ms="1959">
      <class name="GETApis.GETAPIRequest_NON_BDD">
        <test-method is-config="true" signature="setUp()[pri:0, instance:GETApis.GETAPIRequest_NON_BDD@45ca843]" started-at="2024-04-23T17:34:35 IST" name="setUp" finished-at="2024-04-23T17:34:36 IST" duration-ms="539" status="PASS">
          <reporter-output>
          </reporter-output>
        </test-method> <!-- setUp -->
        <test-method signature="getUserAPITest()[pri:0, instance:GETApis.GETAPIRequest_NON_BDD@45ca843]" started-at="2024-04-23T17:34:36 IST" name="getUserAPITest" finished-at="2024-04-23T17:34:37 IST" duration-ms="863" status="PASS">
          <reporter-output>
          </reporter-output>
        </test-method> <!-- getUserAPITest -->
        <test-method signature="getUserWithQueryParamaterAPITest()[pri:0, instance:GETApis.GETAPIRequest_NON_BDD@45ca843]" started-at="2024-04-23T17:34:37 IST" name="getUserWithQueryParamaterAPITest" finished-at="2024-04-23T17:34:37 IST" duration-ms="266" status="PASS">
          <reporter-output>
          </reporter-output>
        </test-method> <!-- getUserWithQueryParamaterAPITest -->
        <test-method signature="getUserWithQueryParamater_WithHashMap_APITest()[pri:0, instance:GETApis.GETAPIRequest_NON_BDD@45ca843]" started-at="2024-04-23T17:34:37 IST" name="getUserWithQueryParamater_WithHashMap_APITest" finished-at="2024-04-23T17:34:37 IST" duration-ms="244" status="PASS">
          <reporter-output>
          </reporter-output>
        </test-method> <!-- getUserWithQueryParamater_WithHashMap_APITest -->
      </class> <!-- GETApis.GETAPIRequest_NON_BDD -->
    </test> <!-- RSCoreConcepts -->
  </suite> <!-- Default Suite -->
</testng-results>
